android/app/build/intermediates/manifest_merge_blame_file/release/processReleaseMainManifest/manifest-merger-blame-release-report.txt
1<?xml version="1.0" encoding="utf-8"?>
2<manifest xmlns:android="http://schemas.android.com/apk/res/android"
3    package="org.psybnc.app"
4    android:versionCode="1"
5    android:versionName="1.0" >
6
7    <uses-sdk
8        android:minSdkVersion="21"
9        android:targetSdkVersion="35" />
10
11    <uses-permission android:name="android.permission.INTERNET" />
11-->src\main\AndroidManifest.xml:2:5-67
11-->src\main\AndroidManifest.xml:2:22-64
12    <uses-permission android:name="android.permission.FOREGROUND_SERVICE" />
12-->src\main\AndroidManifest.xml:3:5-77
12-->src\main\AndroidManifest.xml:3:22-74
13    <uses-permission android:name="android.permission.FOREGROUND_SERVICE_DATA_SYNC" />
13-->src\main\AndroidManifest.xml:4:5-87
13-->src\main\AndroidManifest.xml:4:22-84
14    <uses-permission android:name="android.permission.POST_NOTIFICATIONS" />
14-->src\main\AndroidManifest.xml:5:5-77
14-->src\main\AndroidManifest.xml:5:22-74
15    <uses-permission android:name="android.permission.WAKE_LOCK" />
15-->src\main\AndroidManifest.xml:6:5-68
15-->src\main\AndroidManifest.xml:6:22-65
16    <uses-permission
16-->src\main\AndroidManifest.xml:7:5-107
17        android:name="android.permission.READ_EXTERNAL_STORAGE"
17-->src\main\AndroidManifest.xml:7:22-77
18        android:maxSdkVersion="32" />
18-->src\main\AndroidManifest.xml:7:78-104
19    <uses-permission
19-->src\main\AndroidManifest.xml:8:5-108
20        android:name="android.permission.WRITE_EXTERNAL_STORAGE"
20-->src\main\AndroidManifest.xml:8:22-78
21        android:maxSdkVersion="29" />
21-->src\main\AndroidManifest.xml:8:79-105
22    <uses-permission android:name="android.permission.MANAGE_EXTERNAL_STORAGE" />
22-->src\main\AndroidManifest.xml:9:5-82
22-->src\main\AndroidManifest.xml:9:22-79
23
24    <application
24-->src\main\AndroidManifest.xml:11:5-32:19
25        android:allowBackup="true"
25-->src\main\AndroidManifest.xml:12:9-35
26        android:extractNativeLibs="true"
27        android:icon="@drawable/ic_psybnc_launcher"
27-->src\main\AndroidManifest.xml:13:9-52
28        android:label="@string/app_name"
28-->src\main\AndroidManifest.xml:14:9-41
29        android:roundIcon="@drawable/ic_psybnc_launcher"
29-->src\main\AndroidManifest.xml:15:9-57
30        android:supportsRtl="true"
30-->src\main\AndroidManifest.xml:16:9-35
31        android:theme="@android:style/Theme.DeviceDefault.Light.NoActionBar"
31-->src\main\AndroidManifest.xml:17:9-77
32        android:usesCleartextTraffic="true" >
32-->src\main\AndroidManifest.xml:18:9-44
33        <activity
33-->src\main\AndroidManifest.xml:19:9-26:20
34            android:name="org.psybnc.app.MainActivity"
34-->src\main\AndroidManifest.xml:20:13-41
35            android:exported="true" >
35-->src\main\AndroidManifest.xml:21:13-36
36            <intent-filter>
36-->src\main\AndroidManifest.xml:22:13-25:29
37                <action android:name="android.intent.action.MAIN" />
37-->src\main\AndroidManifest.xml:23:17-69
37-->src\main\AndroidManifest.xml:23:25-66
38
39                <category android:name="android.intent.category.LAUNCHER" />
39-->src\main\AndroidManifest.xml:24:17-77
39-->src\main\AndroidManifest.xml:24:27-74
40            </intent-filter>
41        </activity>
42
43        <service
43-->src\main\AndroidManifest.xml:28:9-31:56
44            android:name="org.psybnc.app.PsybncService"
44-->src\main\AndroidManifest.xml:29:13-42
45            android:exported="false"
45-->src\main\AndroidManifest.xml:30:13-37
46            android:foregroundServiceType="dataSync" />
46-->src\main\AndroidManifest.xml:31:13-53
47    </application>
48
49</manifest>